<?xml version="1.0" encoding="UTF-8"?>
<testng-results ignored="0" total="5" passed="5" failed="0" skipped="0">
  <reporter-output>
  </reporter-output>
  <suite started-at="2022-06-10T18:12:58 PDT" name="Default suite" finished-at="2022-06-10T18:13:13 PDT" duration-ms="14939">
    <groups>
    </groups>
    <test started-at="2022-06-10T18:12:58 PDT" name="Default test" finished-at="2022-06-10T18:13:13 PDT" duration-ms="14939">
      <class name="com.test.tests.TekArchCRUDApi">
        <test-method is-config="true" signature="baseUri()[pri:0, instance:com.test.tests.TekArchCRUDApi@1622f1b]" started-at="2022-06-10T18:12:58 PDT" name="baseUri" finished-at="2022-06-10T18:12:58 PDT" duration-ms="347" status="PASS">
          <reporter-output>
          </reporter-output>
        </test-method> <!-- baseUri -->
        <test-method signature="loginToApi()[pri:1, instance:com.test.tests.TekArchCRUDApi@1622f1b]" started-at="2022-06-10T18:12:58 PDT" name="loginToApi" finished-at="2022-06-10T18:13:00 PDT" duration-ms="1781" status="PASS">
          <reporter-output>
          </reporter-output>
        </test-method> <!-- loginToApi -->
        <test-method is-config="true" signature="baseUri()[pri:0, instance:com.test.tests.TekArchCRUDApi@1622f1b]" started-at="2022-06-10T18:13:00 PDT" name="baseUri" finished-at="2022-06-10T18:13:00 PDT" duration-ms="0" status="PASS">
          <reporter-output>
          </reporter-output>
        </test-method> <!-- baseUri -->
        <test-method signature="addUserDataWithPojo()[pri:2, instance:com.test.tests.TekArchCRUDApi@1622f1b]" started-at="2022-06-10T18:13:00 PDT" name="addUserDataWithPojo" finished-at="2022-06-10T18:13:03 PDT" duration-ms="3205" status="PASS">
          <reporter-output>
          </reporter-output>
        </test-method> <!-- addUserDataWithPojo -->
        <test-method is-config="true" signature="baseUri()[pri:0, instance:com.test.tests.TekArchCRUDApi@1622f1b]" started-at="2022-06-10T18:13:03 PDT" name="baseUri" finished-at="2022-06-10T18:13:03 PDT" duration-ms="0" status="PASS">
          <reporter-output>
          </reporter-output>
        </test-method> <!-- baseUri -->
        <test-method signature="getUserDataWithPojo()[pri:3, instance:com.test.tests.TekArchCRUDApi@1622f1b]" started-at="2022-06-10T18:13:03 PDT" name="getUserDataWithPojo" finished-at="2022-06-10T18:13:10 PDT" duration-ms="6313" status="PASS">
          <reporter-output>
          </reporter-output>
        </test-method> <!-- getUserDataWithPojo -->
        <test-method is-config="true" signature="baseUri()[pri:0, instance:com.test.tests.TekArchCRUDApi@1622f1b]" started-at="2022-06-10T18:13:10 PDT" name="baseUri" finished-at="2022-06-10T18:13:10 PDT" duration-ms="1" status="PASS">
          <reporter-output>
          </reporter-output>
        </test-method> <!-- baseUri -->
        <test-method signature="updateUserData()[pri:4, instance:com.test.tests.TekArchCRUDApi@1622f1b]" started-at="2022-06-10T18:13:10 PDT" name="updateUserData" finished-at="2022-06-10T18:13:12 PDT" duration-ms="2818" status="PASS">
          <reporter-output>
          </reporter-output>
        </test-method> <!-- updateUserData -->
        <test-method is-config="true" signature="baseUri()[pri:0, instance:com.test.tests.TekArchCRUDApi@1622f1b]" started-at="2022-06-10T18:13:12 PDT" name="baseUri" finished-at="2022-06-10T18:13:12 PDT" duration-ms="1" status="PASS">
          <reporter-output>
          </reporter-output>
        </test-method> <!-- baseUri -->
        <test-method signature="deleteUserData()[pri:5, instance:com.test.tests.TekArchCRUDApi@1622f1b]" started-at="2022-06-10T18:13:12 PDT" name="deleteUserData" finished-at="2022-06-10T18:13:13 PDT" duration-ms="444" status="PASS">
          <reporter-output>
          </reporter-output>
        </test-method> <!-- deleteUserData -->
      </class> <!-- com.test.tests.TekArchCRUDApi -->
    </test> <!-- Default test -->
  </suite> <!-- Default suite -->
</testng-results>
