<?xml version="1.0" encoding="UTF-8"?>
<!-- Generated by org.testng.reporters.JUnitXMLReporter -->
<testsuite ignored="0" hostname="Deepi" failures="0" tests="5" name="Default test" time="14.939" errors="0" timestamp="2022-06-10T18:13:13 PDT">
  <testcase classname="com.test.tests.TekArchCRUDApi" name="loginToApi" time="1.781"/>
  <testcase classname="com.test.tests.TekArchCRUDApi" name="addUserDataWithPojo" time="3.205"/>
  <testcase classname="com.test.tests.TekArchCRUDApi" name="getUserDataWithPojo" time="6.313"/>
  <testcase classname="com.test.tests.TekArchCRUDApi" name="updateUserData" time="2.818"/>
  <testcase classname="com.test.tests.TekArchCRUDApi" name="deleteUserData" time="0.444"/>
</testsuite> <!-- Default test -->
